# JRE version: Java(TM) SE Runtime Environment (7.0_72-b14) (build 1.7.0_72-b14)
# Java VM: Java HotSpot(TM) 64-Bit Server VM (24.72-b04 mixed mode windows-amd64 compressed oops)
Heap
 PSYoungGen      total 26624K, used 15846K [0x00000000eaa80000, 0x00000000f6100000, 0x0000000100000000)
  eden space 26112K, 59% used [0x00000000eaa80000,0x00000000eb9c1988,0x00000000ec400000)
  from space 512K, 43% used [0x00000000f6080000,0x00000000f60b8000,0x00000000f6100000)
  to   space 512K, 0% used [0x00000000f6000000,0x00000000f6000000,0x00000000f6080000)
 ParOldGen       total 112128K, used 54818K [0x00000000c0000000, 0x00000000c6d80000, 0x00000000eaa80000)
  object space 112128K, 48% used [0x00000000c0000000,0x00000000c3588890,0x00000000c6d80000)
 PSPermGen       total 25088K, used 14850K [0x00000000bae00000, 0x00000000bc680000, 0x00000000c0000000)
  object space 25088K, 59% used [0x00000000bae00000,0x00000000bbc80998,0x00000000bc680000)
GC Heap History (10 events):
Event: 337.929 GC heap before
{Heap before GC invocations=896 (full 2):
 PSYoungGen      total 26624K, used 26304K [0x00000000eaa80000, 0x00000000f6100000, 0x0000000100000000)
  eden space 26112K, 100% used [0x00000000eaa80000,0x00000000ec400000,0x00000000ec400000)
  from space 512K, 37% used [0x00000000f6000000,0x00000000f6030000,0x00000000f6080000)
  to   space 512K, 0% used [0x00000000f6080000,0x00000000f6080000,0x00000000f6100000)
 ParOldGen       total 112128K, used 54814K [0x00000000c0000000, 0x00000000c6d80000, 0x00000000eaa80000)
  object space 112128K, 48% used [0x00000000c0000000,0x00000000c3587bb0,0x00000000c6d80000)
 PSPermGen       total 25088K, used 14850K [0x00000000bae00000, 0x00000000bc680000, 0x00000000c0000000)
  object space 25088K, 59% used [0x00000000bae00000,0x00000000bbc80998,0x00000000bc680000)
Event: 337.930 GC heap after
Heap after GC invocations=896 (full 2):
 PSYoungGen      total 26624K, used 256K [0x00000000eaa80000, 0x00000000f6100000, 0x0000000100000000)
  eden space 26112K, 0% used [0x00000000eaa80000,0x00000000eaa80000,0x00000000ec400000)
  from space 512K, 50% used [0x00000000f6080000,0x00000000f60c0000,0x00000000f6100000)
  to   space 512K, 0% used [0x00000000f6000000,0x00000000f6000000,0x00000000f6080000)
 ParOldGen       total 112128K, used 54814K [0x00000000c0000000, 0x00000000c6d80000, 0x00000000eaa80000)
  object space 112128K, 48% used [0x00000000c0000000,0x00000000c3587bb0,0x00000000c6d80000)
 PSPermGen       total 25088K, used 14850K [0x00000000bae00000, 0x00000000bc680000, 0x00000000c0000000)
  object space 25088K, 59% used [0x00000000bae00000,0x00000000bbc80998,0x00000000bc680000)
}
Event: 338.237 GC heap before
{Heap before GC invocations=897 (full 2):
 PSYoungGen      total 26624K, used 26368K [0x00000000eaa80000, 0x00000000f6100000, 0x0000000100000000)
  eden space 26112K, 100% used [0x00000000eaa80000,0x00000000ec400000,0x00000000ec400000)
  from space 512K, 50% used [0x00000000f6080000,0x00000000f60c0000,0x00000000f6100000)
  to   space 512K, 0% used [0x00000000f6000000,0x00000000f6000000,0x00000000f6080000)
 ParOldGen       total 112128K, used 54815K [0x00000000c0000000, 0x00000000c6d80000, 0x00000000eaa80000)
  object space 112128K, 48% used [0x00000000c0000000,0x00000000c3587c30,0x00000000c6d80000)
 PSPermGen       total 25088K, used 14850K [0x00000000bae00000, 0x00000000bc680000, 0x00000000c0000000)
  object space 25088K, 59% used [0x00000000bae00000,0x00000000bbc80998,0x00000000bc680000)
Event: 338.238 GC heap after
Heap after GC invocations=897 (full 2):
 PSYoungGen      total 26624K, used 160K [0x00000000eaa80000, 0x00000000f6100000, 0x0000000100000000)
  eden space 26112K, 0% used [0x00000000eaa80000,0x00000000eaa80000,0x00000000ec400000)
  from space 512K, 31% used [0x00000000f6000000,0x00000000f6028000,0x00000000f6080000)
  to   space 512K, 0% used [0x00000000f6080000,0x00000000f6080000,0x00000000f6100000)
 ParOldGen       total 112128K, used 54815K [0x00000000c0000000, 0x00000000c6d80000, 0x00000000eaa80000)
  object space 112128K, 48% used [0x00000000c0000000,0x00000000c3587c30,0x00000000c6d80000)
 PSPermGen       total 25088K, used 14850K [0x00000000bae00000, 0x00000000bc680000, 0x00000000c0000000)
  object space 25088K, 59% used [0x00000000bae00000,0x00000000bbc80998,0x00000000bc680000)
}
Event: 338.546 GC heap before
{Heap before GC invocations=898 (full 2):
 PSYoungGen      total 26624K, used 26272K [0x00000000eaa80000, 0x00000000f6100000, 0x0000000100000000)
  eden space 26112K, 100% used [0x00000000eaa80000,0x00000000ec400000,0x00000000ec400000)
  from space 512K, 31% used [0x00000000f6000000,0x00000000f6028000,0x00000000f6080000)
  to   space 512K, 0% used [0x00000000f6080000,0x00000000f6080000,0x00000000f6100000)
 ParOldGen       total 112128K, used 54816K [0x00000000c0000000, 0x00000000c6d80000, 0x00000000eaa80000)
  object space 112128K, 48% used [0x00000000c0000000,0x00000000c3588238,0x00000000c6d80000)
 PSPermGen       total 25088K, used 14850K [0x00000000bae00000, 0x00000000bc680000, 0x00000000c0000000)
  object space 25088K, 59% used [0x00000000bae00000,0x00000000bbc80998,0x00000000bc680000)
Event: 338.547 GC heap after
Heap after GC invocations=898 (full 2):
 PSYoungGen      total 26624K, used 192K [0x00000000eaa80000, 0x00000000f6100000, 0x0000000100000000)
  eden space 26112K, 0% used [0x00000000eaa80000,0x00000000eaa80000,0x00000000ec400000)
  from space 512K, 37% used [0x00000000f6080000,0x00000000f60b0000,0x00000000f6100000)
  to   space 512K, 0% used [0x00000000f6000000,0x00000000f6000000,0x00000000f6080000)
 ParOldGen       total 112128K, used 54816K [0x00000000c0000000, 0x00000000c6d80000, 0x00000000eaa80000)
  object space 112128K, 48% used [0x00000000c0000000,0x00000000c3588238,0x00000000c6d80000)
 PSPermGen       total 25088K, used 14850K [0x00000000bae00000, 0x00000000bc680000, 0x00000000c0000000)
  object space 25088K, 59% used [0x00000000bae00000,0x00000000bbc80998,0x00000000bc680000)
}
Event: 338.891 GC heap before
{Heap before GC invocations=899 (full 2):
 PSYoungGen      total 26624K, used 26304K [0x00000000eaa80000, 0x00000000f6100000, 0x0000000100000000)
  eden space 26112K, 100% used [0x00000000eaa80000,0x00000000ec400000,0x00000000ec400000)
  from space 512K, 37% used [0x00000000f6080000,0x00000000f60b0000,0x00000000f6100000)
  to   space 512K, 0% used [0x00000000f6000000,0x00000000f6000000,0x00000000f6080000)
 ParOldGen       total 112128K, used 54816K [0x00000000c0000000, 0x00000000c6d80000, 0x00000000eaa80000)
  object space 112128K, 48% used [0x00000000c0000000,0x00000000c3588248,0x00000000c6d80000)
 PSPermGen       total 25088K, used 14850K [0x00000000bae00000, 0x00000000bc680000, 0x00000000c0000000)
  object space 25088K, 59% used [0x00000000bae00000,0x00000000bbc80998,0x00000000bc680000)
Event: 338.892 GC heap after
Heap after GC invocations=899 (full 2):
 PSYoungGen      total 26624K, used 224K [0x00000000eaa80000, 0x00000000f6100000, 0x0000000100000000)
  eden space 26112K, 0% used [0x00000000eaa80000,0x00000000eaa80000,0x00000000ec400000)
  from space 512K, 43% used [0x00000000f6000000,0x00000000f6038000,0x00000000f6080000)
  to   space 512K, 0% used [0x00000000f6080000,0x00000000f6080000,0x00000000f6100000)
 ParOldGen       total 112128K, used 54816K [0x00000000c0000000, 0x00000000c6d80000, 0x00000000eaa80000)
  object space 112128K, 48% used [0x00000000c0000000,0x00000000c3588248,0x00000000c6d80000)
 PSPermGen       total 25088K, used 14850K [0x00000000bae00000, 0x00000000bc680000, 0x00000000c0000000)
  object space 25088K, 59% used [0x00000000bae00000,0x00000000bbc80998,0x00000000bc680000)
}
Event: 339.240 GC heap before
{Heap before GC invocations=900 (full 2):
 PSYoungGen      total 26624K, used 26336K [0x00000000eaa80000, 0x00000000f6100000, 0x0000000100000000)
  eden space 26112K, 100% used [0x00000000eaa80000,0x00000000ec400000,0x00000000ec400000)
  from space 512K, 43% used [0x00000000f6000000,0x00000000f6038000,0x00000000f6080000)
  to   space 512K, 0% used [0x00000000f6080000,0x00000000f6080000,0x00000000f6100000)
 ParOldGen       total 112128K, used 54818K [0x00000000c0000000, 0x00000000c6d80000, 0x00000000eaa80000)
  object space 112128K, 48% used [0x00000000c0000000,0x00000000c3588890,0x00000000c6d80000)
 PSPermGen       total 25088K, used 14850K [0x00000000bae00000, 0x00000000bc680000, 0x00000000c0000000)
  object space 25088K, 59% used [0x00000000bae00000,0x00000000bbc80998,0x00000000bc680000)
Event: 339.241 GC heap after
Heap after GC invocations=900 (full 2):
 PSYoungGen      total 26624K, used 224K [0x00000000eaa80000, 0x00000000f6100000, 0x0000000100000000)
  eden space 26112K, 0% used [0x00000000eaa80000,0x00000000eaa80000,0x00000000ec400000)
  from space 512K, 43% used [0x00000000f6080000,0x00000000f60b8000,0x00000000f6100000)
  to   space 512K, 0% used [0x00000000f6000000,0x00000000f6000000,0x00000000f6080000)
 ParOldGen       total 112128K, used 54818K [0x00000000c0000000, 0x00000000c6d80000, 0x00000000eaa80000)
  object space 112128K, 48% used [0x00000000c0000000,0x00000000c3588890,0x00000000c6d80000)
 PSPermGen       total 25088K, used 14850K [0x00000000bae00000, 0x00000000bc680000, 0x00000000c0000000)
  object space 25088K, 59% used [0x00000000bae00000,0x00000000bbc80998,0x00000000bc680000)
}

